npm warn config ignoring workspace config at D:\workspace\ai-api\apps\web/.npmrc
Loading svelte-check in workspace: d:\workspace\ai-api\apps\web
Getting Svelte diagnostics...

d:\workspace\ai-api\apps\web\[32msrc\components\RedemptionModal.svelte[39m:67:5
[33mWarn[39m: Visible, non-interactive elements with a click event must be accompanied by a keyboard event handler. Consider whether an interactive element such as `<button type="button">` or `<a>` might be more appropriate
https://svelte.dev/e/a11y_click_events_have_key_events (svelte)
[36m{#if show}
    [35m<div
        class="fixed inset-0 z-50 flex items-center justify-center p-4 bg-slate-900/60 backdrop-blur-sm"
        transition:fade={{ duration: 200 }}
        onclick={onClose}
    >
        <div
            class="bg-white dark:bg-slate-950 w-full max-w-lg rounded-2xl shadow-2xl border border-slate-200 dark:border-slate-800 overflow-hidden"
            transition:scale={{ duration: 200, start: 0.95 }}
            onclick={(e) => e.stopPropagation()}
        >
            <div
                class="px-6 py-4 border-b border-slate-100 dark:border-slate-800 flex items-center justify-between bg-slate-50/50 dark:bg-slate-900/50"
            >
                <h3
                    class="text-lg font-semibold text-slate-900 dark:text-white"
                >
                    {redemption ? i18n.t.common.edit : "Generate"} Redemption Code
                </h3>
                <button
                    onclick={onClose}
                    class="p-2 rounded-lg hover:bg-slate-200 dark:hover:bg-slate-800 text-slate-500 transition-colors"
                >
                    <X class="w-5 h-5" />
                </button>
            </div>

            <div
                class="px-6 py-6 max-h-[70vh] overflow-y-auto space-y-4 text-left"
            >
                {#if error}
                    <div
                        class="p-3 bg-rose-50 dark:bg-rose-900/20 text-rose-600 dark:text-rose-400 text-sm rounded-lg border border-rose-100 dark:border-rose-800/50"
                    >
                        {error}
                    </div>
                {/if}

                <div class="space-y-1.5">
                    <label
                        class="text-sm font-medium text-slate-700 dark:text-slate-300"
                        >Name / Note</label
                    >
                    <input
                        bind:value={formData.name}
                        placeholder="e.g. VIP Gift"
                        class="w-full px-3 py-2 rounded-lg border border-slate-200 dark:border-slate-800 bg-white dark:bg-slate-900 text-sm focus:ring-2 focus:ring-indigo-500 outline-none transition-all"
                    />
                </div>

                <div class="space-y-1.5">
                    <label
                        class="text-sm font-medium text-slate-700 dark:text-slate-300"
                        >Specific Key (Leave blank to auto-generate)</label
                    >
                    <input
                        bind:value={formData.key}
                        placeholder="elygate-xxx"
                        disabled={!!redemption}
                        class="w-full px-3 py-2 rounded-lg border border-slate-200 dark:border-slate-800 bg-slate-50 disabled:text-slate-400 dark:bg-slate-900 text-sm focus:ring-2 focus:ring-indigo-500 outline-none transition-all"
                    />
                </div>

                <div class="grid grid-cols-2 gap-4">
                    <div class="space-y-1.5">
                        <label
                            class="text-sm font-medium text-slate-700 dark:text-slate-300"
                            >Quota (Value)</label
                        >
                        <input
                            type="number"
                            bind:value={formData.quota}
                            class="w-full px-3 py-2 rounded-lg border border-slate-200 dark:border-slate-800 bg-white dark:bg-slate-900 text-sm focus:ring-2 focus:ring-indigo-500 outline-none transition-all"
                        />
                        <p class="text-xs text-slate-500">500,000 = $0.5</p>
                    </div>
                    <div class="space-y-1.5">
                        <label
                            class="text-sm font-medium text-slate-700 dark:text-slate-300"
                            >Max Uses</label
                        >
                        <input
                            type="number"
                            bind:value={formData.count}
                            disabled={!!redemption && redemption.used_count > 0}
                            class="w-full px-3 py-2 rounded-lg border border-slate-200 dark:border-slate-800 bg-white dark:bg-slate-900 text-sm focus:ring-2 focus:ring-indigo-500 outline-none transition-all"
                        />
                    </div>
                </div>

                <div class="space-y-1.5 pt-2">
                    <label
                        class="text-sm font-medium text-slate-700 dark:text-slate-300"
                        >Status</label
                    >
                    <select
                        bind:value={formData.status}
                        class="w-full px-3 py-2 rounded-lg border border-slate-200 dark:border-slate-800 bg-white dark:bg-slate-900 text-sm focus:ring-2 focus:ring-indigo-500 outline-none transition-all"
                    >
                        <option value={1}>Active</option>
                        <option value={2}>Disabled / Exhausted</option>
                    </select>
                </div>
            </div>

            <div
                class="px-6 py-4 border-t border-slate-100 dark:border-slate-800 flex items-center justify-end gap-3 bg-slate-50/50 dark:bg-slate-900/50"
            >
                <button
                    onclick={onClose}
                    class="px-4 py-2 text-sm font-medium text-slate-600 dark:text-slate-400 hover:bg-slate-100 dark:hover:bg-slate-800 rounded-lg transition-colors"
                >
                    {i18n.t.common.cancel}
                </button>
                <button
                    onclick={handleSubmit}
                    disabled={isSubmitting}
                    class="inline-flex items-center gap-2 px-4 py-2 text-sm font-medium text-white bg-indigo-600 hover:bg-indigo-700 disabled:opacity-50 disabled:cursor-not-allowed rounded-lg shadow-sm transition-colors"
                >
                    {#if isSubmitting}
                        <div
                            class="w-4 h-4 border-2 border-white/30 border-t-white rounded-full animate-spin"
                        ></div>
                    {:else}
                        <Save class="w-4 h-4" />
                    {/if}
                    {i18n.t.common.save}
                </button>
            </div>
        </div>
    </div>[36m
{/if}[39m

d:\workspace\ai-api\apps\web\[32msrc\components\RedemptionModal.svelte[39m:67:5
[33mWarn[39m: `<div>` with a click handler must have an ARIA role
https://svelte.dev/e/a11y_no_static_element_interactions (svelte)
[36m{#if show}
    [35m<div
        class="fixed inset-0 z-50 flex items-center justify-center p-4 bg-slate-900/60 backdrop-blur-sm"
        transition:fade={{ duration: 200 }}
        onclick={onClose}
    >
        <div
            class="bg-white dark:bg-slate-950 w-full max-w-lg rounded-2xl shadow-2xl border border-slate-200 dark:border-slate-800 overflow-hidden"
            transition:scale={{ duration: 200, start: 0.95 }}
            onclick={(e) => e.stopPropagation()}
        >
            <div
                class="px-6 py-4 border-b border-slate-100 dark:border-slate-800 flex items-center justify-between bg-slate-50/50 dark:bg-slate-900/50"
            >
                <h3
                    class="text-lg font-semibold text-slate-900 dark:text-white"
                >
                    {redemption ? i18n.t.common.edit : "Generate"} Redemption Code
                </h3>
                <button
                    onclick={onClose}
                    class="p-2 rounded-lg hover:bg-slate-200 dark:hover:bg-slate-800 text-slate-500 transition-colors"
                >
                    <X class="w-5 h-5" />
                </button>
            </div>

            <div
                class="px-6 py-6 max-h-[70vh] overflow-y-auto space-y-4 text-left"
            >
                {#if error}
                    <div
                        class="p-3 bg-rose-50 dark:bg-rose-900/20 text-rose-600 dark:text-rose-400 text-sm rounded-lg border border-rose-100 dark:border-rose-800/50"
                    >
                        {error}
                    </div>
                {/if}

                <div class="space-y-1.5">
                    <label
                        class="text-sm font-medium text-slate-700 dark:text-slate-300"
                        >Name / Note</label
                    >
                    <input
                        bind:value={formData.name}
                        placeholder="e.g. VIP Gift"
                        class="w-full px-3 py-2 rounded-lg border border-slate-200 dark:border-slate-800 bg-white dark:bg-slate-900 text-sm focus:ring-2 focus:ring-indigo-500 outline-none transition-all"
                    />
                </div>

                <div class="space-y-1.5">
                    <label
                        class="text-sm font-medium text-slate-700 dark:text-slate-300"
                        >Specific Key (Leave blank to auto-generate)</label
                    >
                    <input
                        bind:value={formData.key}
                        placeholder="elygate-xxx"
                        disabled={!!redemption}
                        class="w-full px-3 py-2 rounded-lg border border-slate-200 dark:border-slate-800 bg-slate-50 disabled:text-slate-400 dark:bg-slate-900 text-sm focus:ring-2 focus:ring-indigo-500 outline-none transition-all"
                    />
                </div>

                <div class="grid grid-cols-2 gap-4">
                    <div class="space-y-1.5">
                        <label
                            class="text-sm font-medium text-slate-700 dark:text-slate-300"
                            >Quota (Value)</label
                        >
                        <input
                            type="number"
                            bind:value={formData.quota}
                            class="w-full px-3 py-2 rounded-lg border border-slate-200 dark:border-slate-800 bg-white dark:bg-slate-900 text-sm focus:ring-2 focus:ring-indigo-500 outline-none transition-all"
                        />
                        <p class="text-xs text-slate-500">500,000 = $0.5</p>
                    </div>
                    <div class="space-y-1.5">
                        <label
                            class="text-sm font-medium text-slate-700 dark:text-slate-300"
                            >Max Uses</label
                        >
                        <input
                            type="number"
                            bind:value={formData.count}
                            disabled={!!redemption && redemption.used_count > 0}
                            class="w-full px-3 py-2 rounded-lg border border-slate-200 dark:border-slate-800 bg-white dark:bg-slate-900 text-sm focus:ring-2 focus:ring-indigo-500 outline-none transition-all"
                        />
                    </div>
                </div>

                <div class="space-y-1.5 pt-2">
                    <label
                        class="text-sm font-medium text-slate-700 dark:text-slate-300"
                        >Status</label
                    >
                    <select
                        bind:value={formData.status}
                        class="w-full px-3 py-2 rounded-lg border border-slate-200 dark:border-slate-800 bg-white dark:bg-slate-900 text-sm focus:ring-2 focus:ring-indigo-500 outline-none transition-all"
                    >
                        <option value={1}>Active</option>
                        <option value={2}>Disabled / Exhausted</option>
                    </select>
                </div>
            </div>

            <div
                class="px-6 py-4 border-t border-slate-100 dark:border-slate-800 flex items-center justify-end gap-3 bg-slate-50/50 dark:bg-slate-900/50"
            >
                <button
                    onclick={onClose}
                    class="px-4 py-2 text-sm font-medium text-slate-600 dark:text-slate-400 hover:bg-slate-100 dark:hover:bg-slate-800 rounded-lg transition-colors"
                >
                    {i18n.t.common.cancel}
                </button>
                <button
                    onclick={handleSubmit}
                    disabled={isSubmitting}
                    class="inline-flex items-center gap-2 px-4 py-2 text-sm font-medium text-white bg-indigo-600 hover:bg-indigo-700 disabled:opacity-50 disabled:cursor-not-allowed rounded-lg shadow-sm transition-colors"
                >
                    {#if isSubmitting}
                        <div
                            class="w-4 h-4 border-2 border-white/30 border-t-white rounded-full animate-spin"
                        ></div>
                    {:else}
                        <Save class="w-4 h-4" />
                    {/if}
                    {i18n.t.common.save}
                </button>
            </div>
        </div>
    </div>[36m
{/if}[39m

d:\workspace\ai-api\apps\web\[32msrc\components\RedemptionModal.svelte[39m:72:9
[33mWarn[39m: Visible, non-interactive elements with a click event must be accompanied by a keyboard event handler. Consider whether an interactive element such as `<button type="button">` or `<a>` might be more appropriate
https://svelte.dev/e/a11y_click_events_have_key_events (svelte)
[36m    >
        [35m<div
            class="bg-white dark:bg-slate-950 w-full max-w-lg rounded-2xl shadow-2xl border border-slate-200 dark:border-slate-800 overflow-hidden"
            transition:scale={{ duration: 200, start: 0.95 }}
            onclick={(e) => e.stopPropagation()}
        >
            <div
                class="px-6 py-4 border-b border-slate-100 dark:border-slate-800 flex items-center justify-between bg-slate-50/50 dark:bg-slate-900/50"
            >
                <h3
                    class="text-lg font-semibold text-slate-900 dark:text-white"
                >
                    {redemption ? i18n.t.common.edit : "Generate"} Redemption Code
                </h3>
                <button
                    onclick={onClose}
                    class="p-2 rounded-lg hover:bg-slate-200 dark:hover:bg-slate-800 text-slate-500 transition-colors"
                >
                    <X class="w-5 h-5" />
                </button>
            </div>

            <div
                class="px-6 py-6 max-h-[70vh] overflow-y-auto space-y-4 text-left"
            >
                {#if error}
                    <div
                        class="p-3 bg-rose-50 dark:bg-rose-900/20 text-rose-600 dark:text-rose-400 text-sm rounded-lg border border-rose-100 dark:border-rose-800/50"
                    >
                        {error}
                    </div>
                {/if}

                <div class="space-y-1.5">
                    <label
                        class="text-sm font-medium text-slate-700 dark:text-slate-300"
                        >Name / Note</label
                    >
                    <input
                        bind:value={formData.name}
                        placeholder="e.g. VIP Gift"
                        class="w-full px-3 py-2 rounded-lg border border-slate-200 dark:border-slate-800 bg-white dark:bg-slate-900 text-sm focus:ring-2 focus:ring-indigo-500 outline-none transition-all"
                    />
                </div>

                <div class="space-y-1.5">
                    <label
                        class="text-sm font-medium text-slate-700 dark:text-slate-300"
                        >Specific Key (Leave blank to auto-generate)</label
                    >
                    <input
                        bind:value={formData.key}
                        placeholder="elygate-xxx"
                        disabled={!!redemption}
                        class="w-full px-3 py-2 rounded-lg border border-slate-200 dark:border-slate-800 bg-slate-50 disabled:text-slate-400 dark:bg-slate-900 text-sm focus:ring-2 focus:ring-indigo-500 outline-none transition-all"
                    />
                </div>

                <div class="grid grid-cols-2 gap-4">
                    <div class="space-y-1.5">
                        <label
                            class="text-sm font-medium text-slate-700 dark:text-slate-300"
                            >Quota (Value)</label
                        >
                        <input
                            type="number"
                            bind:value={formData.quota}
                            class="w-full px-3 py-2 rounded-lg border border-slate-200 dark:border-slate-800 bg-white dark:bg-slate-900 text-sm focus:ring-2 focus:ring-indigo-500 outline-none transition-all"
                        />
                        <p class="text-xs text-slate-500">500,000 = $0.5</p>
                    </div>
                    <div class="space-y-1.5">
                        <label
                            class="text-sm font-medium text-slate-700 dark:text-slate-300"
                            >Max Uses</label
                        >
                        <input
                            type="number"
                            bind:value={formData.count}
                            disabled={!!redemption && redemption.used_count > 0}
                            class="w-full px-3 py-2 rounded-lg border border-slate-200 dark:border-slate-800 bg-white dark:bg-slate-900 text-sm focus:ring-2 focus:ring-indigo-500 outline-none transition-all"
                        />
                    </div>
                </div>

                <div class="space-y-1.5 pt-2">
                    <label
                        class="text-sm font-medium text-slate-700 dark:text-slate-300"
                        >Status</label
                    >
                    <select
                        bind:value={formData.status}
                        class="w-full px-3 py-2 rounded-lg border border-slate-200 dark:border-slate-800 bg-white dark:bg-slate-900 text-sm focus:ring-2 focus:ring-indigo-500 outline-none transition-all"
                    >
                        <option value={1}>Active</option>
                        <option value={2}>Disabled / Exhausted</option>
                    </select>
                </div>
            </div>

            <div
                class="px-6 py-4 border-t border-slate-100 dark:border-slate-800 flex items-center justify-end gap-3 bg-slate-50/50 dark:bg-slate-900/50"
            >
                <button
                    onclick={onClose}
                    class="px-4 py-2 text-sm font-medium text-slate-600 dark:text-slate-400 hover:bg-slate-100 dark:hover:bg-slate-800 rounded-lg transition-colors"
                >
                    {i18n.t.common.cancel}
                </button>
                <button
                    onclick={handleSubmit}
                    disabled={isSubmitting}
                    class="inline-flex items-center gap-2 px-4 py-2 text-sm font-medium text-white bg-indigo-600 hover:bg-indigo-700 disabled:opacity-50 disabled:cursor-not-allowed rounded-lg shadow-sm transition-colors"
                >
                    {#if isSubmitting}
                        <div
                            class="w-4 h-4 border-2 border-white/30 border-t-white rounded-full animate-spin"
                        ></div>
                    {:else}
                        <Save class="w-4 h-4" />
                    {/if}
                    {i18n.t.common.save}
                </button>
            </div>
        </div>[36m
    </div>[39m

d:\workspace\ai-api\apps\web\[32msrc\components\RedemptionModal.svelte[39m:72:9
[33mWarn[39m: `<div>` with a click handler must have an ARIA role
https://svelte.dev/e/a11y_no_static_element_interactions (svelte)
[36m    >
        [35m<div
            class="bg-white dark:bg-slate-950 w-full max-w-lg rounded-2xl shadow-2xl border border-slate-200 dark:border-slate-800 overflow-hidden"
            transition:scale={{ duration: 200, start: 0.95 }}
            onclick={(e) => e.stopPropagation()}
        >
            <div
                class="px-6 py-4 border-b border-slate-100 dark:border-slate-800 flex items-center justify-between bg-slate-50/50 dark:bg-slate-900/50"
            >
                <h3
                    class="text-lg font-semibold text-slate-900 dark:text-white"
                >
                    {redemption ? i18n.t.common.edit : "Generate"} Redemption Code
                </h3>
                <button
                    onclick={onClose}
                    class="p-2 rounded-lg hover:bg-slate-200 dark:hover:bg-slate-800 text-slate-500 transition-colors"
                >
                    <X class="w-5 h-5" />
                </button>
            </div>

            <div
                class="px-6 py-6 max-h-[70vh] overflow-y-auto space-y-4 text-left"
            >
                {#if error}
                    <div
                        class="p-3 bg-rose-50 dark:bg-rose-900/20 text-rose-600 dark:text-rose-400 text-sm rounded-lg border border-rose-100 dark:border-rose-800/50"
                    >
                        {error}
                    </div>
                {/if}

                <div class="space-y-1.5">
                    <label
                        class="text-sm font-medium text-slate-700 dark:text-slate-300"
                        >Name / Note</label
                    >
                    <input
                        bind:value={formData.name}
                        placeholder="e.g. VIP Gift"
                        class="w-full px-3 py-2 rounded-lg border border-slate-200 dark:border-slate-800 bg-white dark:bg-slate-900 text-sm focus:ring-2 focus:ring-indigo-500 outline-none transition-all"
                    />
                </div>

                <div class="space-y-1.5">
                    <label
                        class="text-sm font-medium text-slate-700 dark:text-slate-300"
                        >Specific Key (Leave blank to auto-generate)</label
                    >
                    <input
                        bind:value={formData.key}
                        placeholder="elygate-xxx"
                        disabled={!!redemption}
                        class="w-full px-3 py-2 rounded-lg border border-slate-200 dark:border-slate-800 bg-slate-50 disabled:text-slate-400 dark:bg-slate-900 text-sm focus:ring-2 focus:ring-indigo-500 outline-none transition-all"
                    />
                </div>

                <div class="grid grid-cols-2 gap-4">
                    <div class="space-y-1.5">
                        <label
                            class="text-sm font-medium text-slate-700 dark:text-slate-300"
                            >Quota (Value)</label
                        >
                        <input
                            type="number"
                            bind:value={formData.quota}
                            class="w-full px-3 py-2 rounded-lg border border-slate-200 dark:border-slate-800 bg-white dark:bg-slate-900 text-sm focus:ring-2 focus:ring-indigo-500 outline-none transition-all"
                        />
                        <p class="text-xs text-slate-500">500,000 = $0.5</p>
                    </div>
                    <div class="space-y-1.5">
                        <label
                            class="text-sm font-medium text-slate-700 dark:text-slate-300"
                            >Max Uses</label
                        >
                        <input
                            type="number"
                            bind:value={formData.count}
                            disabled={!!redemption && redemption.used_count > 0}
                            class="w-full px-3 py-2 rounded-lg border border-slate-200 dark:border-slate-800 bg-white dark:bg-slate-900 text-sm focus:ring-2 focus:ring-indigo-500 outline-none transition-all"
                        />
                    </div>
                </div>

                <div class="space-y-1.5 pt-2">
                    <label
                        class="text-sm font-medium text-slate-700 dark:text-slate-300"
                        >Status</label
                    >
                    <select
                        bind:value={formData.status}
                        class="w-full px-3 py-2 rounded-lg border border-slate-200 dark:border-slate-800 bg-white dark:bg-slate-900 text-sm focus:ring-2 focus:ring-indigo-500 outline-none transition-all"
                    >
                        <option value={1}>Active</option>
                        <option value={2}>Disabled / Exhausted</option>
                    </select>
                </div>
            </div>

            <div
                class="px-6 py-4 border-t border-slate-100 dark:border-slate-800 flex items-center justify-end gap-3 bg-slate-50/50 dark:bg-slate-900/50"
            >
                <button
                    onclick={onClose}
                    class="px-4 py-2 text-sm font-medium text-slate-600 dark:text-slate-400 hover:bg-slate-100 dark:hover:bg-slate-800 rounded-lg transition-colors"
                >
                    {i18n.t.common.cancel}
                </button>
                <button
                    onclick={handleSubmit}
                    disabled={isSubmitting}
                    class="inline-flex items-center gap-2 px-4 py-2 text-sm font-medium text-white bg-indigo-600 hover:bg-indigo-700 disabled:opacity-50 disabled:cursor-not-allowed rounded-lg shadow-sm transition-colors"
                >
                    {#if isSubmitting}
                        <div
                            class="w-4 h-4 border-2 border-white/30 border-t-white rounded-full animate-spin"
                        ></div>
                    {:else}
                        <Save class="w-4 h-4" />
                    {/if}
                    {i18n.t.common.save}
                </button>
            </div>
        </div>[36m
    </div>[39m

d:\workspace\ai-api\apps\web\[32msrc\components\RedemptionModal.svelte[39m:105:21
[33mWarn[39m: A form label must be associated with a control
https://svelte.dev/e/a11y_label_has_associated_control (svelte)
[36m                <div class="space-y-1.5">
                    [35m<label
                        class="text-sm font-medium text-slate-700 dark:text-slate-300"
                        >Name / Note</label
                    >[36m
                    <input[39m

d:\workspace\ai-api\apps\web\[32msrc\components\RedemptionModal.svelte[39m:117:21
[33mWarn[39m: A form label must be associated with a control
https://svelte.dev/e/a11y_label_has_associated_control (svelte)
[36m                <div class="space-y-1.5">
                    [35m<label
                        class="text-sm font-medium text-slate-700 dark:text-slate-300"
                        >Specific Key (Leave blank to auto-generate)</label
                    >[36m
                    <input[39m

d:\workspace\ai-api\apps\web\[32msrc\components\RedemptionModal.svelte[39m:131:25
[33mWarn[39m: A form label must be associated with a control
https://svelte.dev/e/a11y_label_has_associated_control (svelte)
[36m                    <div class="space-y-1.5">
                        [35m<label
                            class="text-sm font-medium text-slate-700 dark:text-slate-300"
                            >Quota (Value)</label
                        >[36m
                        <input[39m

d:\workspace\ai-api\apps\web\[32msrc\components\RedemptionModal.svelte[39m:143:25
[33mWarn[39m: A form label must be associated with a control
https://svelte.dev/e/a11y_label_has_associated_control (svelte)
[36m                    <div class="space-y-1.5">
                        [35m<label
                            class="text-sm font-medium text-slate-700 dark:text-slate-300"
                            >Max Uses</label
                        >[36m
                        <input[39m

d:\workspace\ai-api\apps\web\[32msrc\components\RedemptionModal.svelte[39m:157:21
[33mWarn[39m: A form label must be associated with a control
https://svelte.dev/e/a11y_label_has_associated_control (svelte)
[36m                <div class="space-y-1.5 pt-2">
                    [35m<label
                        class="text-sm font-medium text-slate-700 dark:text-slate-300"
                        >Status</label
                    >[36m
                    <select[39m

d:\workspace\ai-api\apps\web\[32msrc\components\UserModal.svelte[39m:77:5
[33mWarn[39m: Visible, non-interactive elements with a click event must be accompanied by a keyboard event handler. Consider whether an interactive element such as `<button type="button">` or `<a>` might be more appropriate
https://svelte.dev/e/a11y_click_events_have_key_events (svelte)
[36m{#if show}
    [35m<div
        class="fixed inset-0 z-50 flex items-center justify-center p-4 bg-slate-900/60 backdrop-blur-sm"
        transition:fade={{ duration: 200 }}
        onclick={onClose}
    >
        <div
            class="bg-white dark:bg-slate-950 w-full max-w-lg rounded-2xl shadow-2xl border border-slate-200 dark:border-slate-800 overflow-hidden"
            transition:scale={{ duration: 200, start: 0.95 }}
            onclick={(e) => e.stopPropagation()}
        >
            <div
                class="px-6 py-4 border-b border-slate-100 dark:border-slate-800 flex items-center justify-between bg-slate-50/50 dark:bg-slate-900/50"
            >
                <h3
                    class="text-lg font-semibold text-slate-900 dark:text-white"
                >
                    {user ? i18n.t.common.edit : i18n.t.common.add} User
                </h3>
                <button
                    onclick={onClose}
                    class="p-2 rounded-lg hover:bg-slate-200 dark:hover:bg-slate-800 text-slate-500 transition-colors"
                >
                    <X class="w-5 h-5" />
                </button>
            </div>

            <div
                class="px-6 py-6 max-h-[70vh] overflow-y-auto space-y-4 text-left"
            >
                {#if error}
                    <div
                        class="p-3 bg-rose-50 dark:bg-rose-900/20 text-rose-600 dark:text-rose-400 text-sm rounded-lg border border-rose-100 dark:border-rose-800/50"
                    >
                        {error}
                    </div>
                {/if}

                <div class="space-y-1.5">
                    <label
                        class="text-sm font-medium text-slate-700 dark:text-slate-300"
                        >Username</label
                    >
                    <input
                        bind:value={formData.username}
                        class="w-full px-3 py-2 rounded-lg border border-slate-200 dark:border-slate-800 bg-white dark:bg-slate-900 text-sm focus:ring-2 focus:ring-indigo-500 outline-none transition-all"
                    />
                </div>

                <div class="space-y-1.5">
                    <label
                        class="text-sm font-medium text-slate-700 dark:text-slate-300"
                        >Password</label
                    >
                    <input
                        type="password"
                        placeholder={user
                            ? "Leave blank to keep unchanged"
                            : "Password"}
                        bind:value={formData.password}
                        class="w-full px-3 py-2 rounded-lg border border-slate-200 dark:border-slate-800 bg-white dark:bg-slate-900 text-sm focus:ring-2 focus:ring-indigo-500 outline-none transition-all"
                    />
                </div>

                <div class="grid grid-cols-2 gap-4">
                    <div class="space-y-1.5">
                        <label
                            class="text-sm font-medium text-slate-700 dark:text-slate-300"
                            >Role</label
                        >
                        <select
                            bind:value={formData.role}
                            class="w-full px-3 py-2 rounded-lg border border-slate-200 dark:border-slate-800 bg-white dark:bg-slate-900 text-sm focus:ring-2 focus:ring-indigo-500 outline-none transition-all"
                        >
                            <option value={1}>Normal User</option>
                            <option value={10}>Admin</option>
                        </select>
                    </div>
                    <div class="space-y-1.5">
                        <label
                            class="text-sm font-medium text-slate-700 dark:text-slate-300"
                            >Quota</label
                        >
                        <input
                            type="number"
                            bind:value={formData.quota}
                            class="w-full px-3 py-2 rounded-lg border border-slate-200 dark:border-slate-800 bg-white dark:bg-slate-900 text-sm focus:ring-2 focus:ring-indigo-500 outline-none transition-all"
                        />
                    </div>
                </div>

                <div class="grid grid-cols-2 gap-4">
                    <div class="space-y-1.5">
                        <label
                            class="text-sm font-medium text-slate-700 dark:text-slate-300"
                            >Group</label
                        >
                        <input
                            bind:value={formData.group}
                            class="w-full px-3 py-2 rounded-lg border border-slate-200 dark:border-slate-800 bg-white dark:bg-slate-900 text-sm focus:ring-2 focus:ring-indigo-500 outline-none transition-all"
                        />
                    </div>
                    <div class="space-y-1.5">
                        <label
                            class="text-sm font-medium text-slate-700 dark:text-slate-300"
                            >Status</label
                        >
                        <select
                            bind:value={formData.status}
                            class="w-full px-3 py-2 rounded-lg border border-slate-200 dark:border-slate-800 bg-white dark:bg-slate-900 text-sm focus:ring-2 focus:ring-indigo-500 outline-none transition-all"
                        >
                            <option value={1}>Active</option>
                            <option value={2}>Disabled</option>
                        </select>
                    </div>
                </div>
            </div>

            <div
                class="px-6 py-4 border-t border-slate-100 dark:border-slate-800 flex items-center justify-end gap-3 bg-slate-50/50 dark:bg-slate-900/50"
            >
                <button
                    onclick={onClose}
                    class="px-4 py-2 text-sm font-medium text-slate-600 dark:text-slate-400 hover:bg-slate-100 dark:hover:bg-slate-800 rounded-lg transition-colors"
                >
                    {i18n.t.common.cancel}
                </button>
                <button
                    onclick={handleSubmit}
                    disabled={isSubmitting}
                    class="inline-flex items-center gap-2 px-4 py-2 text-sm font-medium text-white bg-indigo-600 hover:bg-indigo-700 disabled:opacity-50 disabled:cursor-not-allowed rounded-lg shadow-sm transition-colors"
                >
                    {#if isSubmitting}
                        <div
                            class="w-4 h-4 border-2 border-white/30 border-t-white rounded-full animate-spin"
                        ></div>
                    {:else}
                        <Save class="w-4 h-4" />
                    {/if}
                    {i18n.t.common.save}
                </button>
            </div>
        </div>
    </div>[36m
{/if}[39m

d:\workspace\ai-api\apps\web\[32msrc\components\UserModal.svelte[39m:77:5
[33mWarn[39m: `<div>` with a click handler must have an ARIA role
https://svelte.dev/e/a11y_no_static_element_interactions (svelte)
[36m{#if show}
    [35m<div
        class="fixed inset-0 z-50 flex items-center justify-center p-4 bg-slate-900/60 backdrop-blur-sm"
        transition:fade={{ duration: 200 }}
        onclick={onClose}
    >
        <div
            class="bg-white dark:bg-slate-950 w-full max-w-lg rounded-2xl shadow-2xl border border-slate-200 dark:border-slate-800 overflow-hidden"
            transition:scale={{ duration: 200, start: 0.95 }}
            onclick={(e) => e.stopPropagation()}
        >
            <div
                class="px-6 py-4 border-b border-slate-100 dark:border-slate-800 flex items-center justify-between bg-slate-50/50 dark:bg-slate-900/50"
            >
                <h3
                    class="text-lg font-semibold text-slate-900 dark:text-white"
                >
                    {user ? i18n.t.common.edit : i18n.t.common.add} User
                </h3>
                <button
                    onclick={onClose}
                    class="p-2 rounded-lg hover:bg-slate-200 dark:hover:bg-slate-800 text-slate-500 transition-colors"
                >
                    <X class="w-5 h-5" />
                </button>
            </div>

            <div
                class="px-6 py-6 max-h-[70vh] overflow-y-auto space-y-4 text-left"
            >
                {#if error}
                    <div
                        class="p-3 bg-rose-50 dark:bg-rose-900/20 text-rose-600 dark:text-rose-400 text-sm rounded-lg border border-rose-100 dark:border-rose-800/50"
                    >
                        {error}
                    </div>
                {/if}

                <div class="space-y-1.5">
                    <label
                        class="text-sm font-medium text-slate-700 dark:text-slate-300"
                        >Username</label
                    >
                    <input
                        bind:value={formData.username}
                        class="w-full px-3 py-2 rounded-lg border border-slate-200 dark:border-slate-800 bg-white dark:bg-slate-900 text-sm focus:ring-2 focus:ring-indigo-500 outline-none transition-all"
                    />
                </div>

                <div class="space-y-1.5">
                    <label
                        class="text-sm font-medium text-slate-700 dark:text-slate-300"
                        >Password</label
                    >
                    <input
                        type="password"
                        placeholder={user
                            ? "Leave blank to keep unchanged"
                            : "Password"}
                        bind:value={formData.password}
                        class="w-full px-3 py-2 rounded-lg border border-slate-200 dark:border-slate-800 bg-white dark:bg-slate-900 text-sm focus:ring-2 focus:ring-indigo-500 outline-none transition-all"
                    />
                </div>

                <div class="grid grid-cols-2 gap-4">
                    <div class="space-y-1.5">
                        <label
                            class="text-sm font-medium text-slate-700 dark:text-slate-300"
                            >Role</label
                        >
                        <select
                            bind:value={formData.role}
                            class="w-full px-3 py-2 rounded-lg border border-slate-200 dark:border-slate-800 bg-white dark:bg-slate-900 text-sm focus:ring-2 focus:ring-indigo-500 outline-none transition-all"
                        >
                            <option value={1}>Normal User</option>
                            <option value={10}>Admin</option>
                        </select>
                    </div>
                    <div class="space-y-1.5">
                        <label
                            class="text-sm font-medium text-slate-700 dark:text-slate-300"
                            >Quota</label
                        >
                        <input
                            type="number"
                            bind:value={formData.quota}
                            class="w-full px-3 py-2 rounded-lg border border-slate-200 dark:border-slate-800 bg-white dark:bg-slate-900 text-sm focus:ring-2 focus:ring-indigo-500 outline-none transition-all"
                        />
                    </div>
                </div>

                <div class="grid grid-cols-2 gap-4">
                    <div class="space-y-1.5">
                        <label
                            class="text-sm font-medium text-slate-700 dark:text-slate-300"
                            >Group</label
                        >
                        <input
                            bind:value={formData.group}
                            class="w-full px-3 py-2 rounded-lg border border-slate-200 dark:border-slate-800 bg-white dark:bg-slate-900 text-sm focus:ring-2 focus:ring-indigo-500 outline-none transition-all"
                        />
                    </div>
                    <div class="space-y-1.5">
                        <label
                            class="text-sm font-medium text-slate-700 dark:text-slate-300"
                            >Status</label
                        >
                        <select
                            bind:value={formData.status}
                            class="w-full px-3 py-2 rounded-lg border border-slate-200 dark:border-slate-800 bg-white dark:bg-slate-900 text-sm focus:ring-2 focus:ring-indigo-500 outline-none transition-all"
                        >
                            <option value={1}>Active</option>
                            <option value={2}>Disabled</option>
                        </select>
                    </div>
                </div>
            </div>

            <div
                class="px-6 py-4 border-t border-slate-100 dark:border-slate-800 flex items-center justify-end gap-3 bg-slate-50/50 dark:bg-slate-900/50"
            >
                <button
                    onclick={onClose}
                    class="px-4 py-2 text-sm font-medium text-slate-600 dark:text-slate-400 hover:bg-slate-100 dark:hover:bg-slate-800 rounded-lg transition-colors"
                >
                    {i18n.t.common.cancel}
                </button>
                <button
                    onclick={handleSubmit}
                    disabled={isSubmitting}
                    class="inline-flex items-center gap-2 px-4 py-2 text-sm font-medium text-white bg-indigo-600 hover:bg-indigo-700 disabled:opacity-50 disabled:cursor-not-allowed rounded-lg shadow-sm transition-colors"
                >
                    {#if isSubmitting}
                        <div
                            class="w-4 h-4 border-2 border-white/30 border-t-white rounded-full animate-spin"
                        ></div>
                    {:else}
                        <Save class="w-4 h-4" />
                    {/if}
                    {i18n.t.common.save}
                </button>
            </div>
        </div>
    </div>[36m
{/if}[39m

d:\workspace\ai-api\apps\web\[32msrc\components\UserModal.svelte[39m:82:9
[33mWarn[39m: Visible, non-interactive elements with a click event must be accompanied by a keyboard event handler. Consider whether an interactive element such as `<button type="button">` or `<a>` might be more appropriate
https://svelte.dev/e/a11y_click_events_have_key_events (svelte)
[36m    >
        [35m<div
            class="bg-white dark:bg-slate-950 w-full max-w-lg rounded-2xl shadow-2xl border border-slate-200 dark:border-slate-800 overflow-hidden"
            transition:scale={{ duration: 200, start: 0.95 }}
            onclick={(e) => e.stopPropagation()}
        >
            <div
                class="px-6 py-4 border-b border-slate-100 dark:border-slate-800 flex items-center justify-between bg-slate-50/50 dark:bg-slate-900/50"
            >
                <h3
                    class="text-lg font-semibold text-slate-900 dark:text-white"
                >
                    {user ? i18n.t.common.edit : i18n.t.common.add} User
                </h3>
                <button
                    onclick={onClose}
                    class="p-2 rounded-lg hover:bg-slate-200 dark:hover:bg-slate-800 text-slate-500 transition-colors"
                >
                    <X class="w-5 h-5" />
                </button>
            </div>

            <div
                class="px-6 py-6 max-h-[70vh] overflow-y-auto space-y-4 text-left"
            >
                {#if error}
                    <div
                        class="p-3 bg-rose-50 dark:bg-rose-900/20 text-rose-600 dark:text-rose-400 text-sm rounded-lg border border-rose-100 dark:border-rose-800/50"
                    >
                        {error}
                    </div>
                {/if}

                <div class="space-y-1.5">
                    <label
                        class="text-sm font-medium text-slate-700 dark:text-slate-300"
                        >Username</label
                    >
                    <input
                        bind:value={formData.username}
                        class="w-full px-3 py-2 rounded-lg border border-slate-200 dark:border-slate-800 bg-white dark:bg-slate-900 text-sm focus:ring-2 focus:ring-indigo-500 outline-none transition-all"
                    />
                </div>

                <div class="space-y-1.5">
                    <label
                        class="text-sm font-medium text-slate-700 dark:text-slate-300"
                        >Password</label
                    >
                    <input
                        type="password"
                        placeholder={user
                            ? "Leave blank to keep unchanged"
                            : "Password"}
                        bind:value={formData.password}
                        class="w-full px-3 py-2 rounded-lg border border-slate-200 dark:border-slate-800 bg-white dark:bg-slate-900 text-sm focus:ring-2 focus:ring-indigo-500 outline-none transition-all"
                    />
                </div>

                <div class="grid grid-cols-2 gap-4">
                    <div class="space-y-1.5">
                        <label
                            class="text-sm font-medium text-slate-700 dark:text-slate-300"
                            >Role</label
                        >
                        <select
                            bind:value={formData.role}
                            class="w-full px-3 py-2 rounded-lg border border-slate-200 dark:border-slate-800 bg-white dark:bg-slate-900 text-sm focus:ring-2 focus:ring-indigo-500 outline-none transition-all"
                        >
                            <option value={1}>Normal User</option>
                            <option value={10}>Admin</option>
                        </select>
                    </div>
                    <div class="space-y-1.5">
                        <label
                            class="text-sm font-medium text-slate-700 dark:text-slate-300"
                            >Quota</label
                        >
                        <input
                            type="number"
                            bind:value={formData.quota}
                            class="w-full px-3 py-2 rounded-lg border border-slate-200 dark:border-slate-800 bg-white dark:bg-slate-900 text-sm focus:ring-2 focus:ring-indigo-500 outline-none transition-all"
                        />
                    </div>
                </div>

                <div class="grid grid-cols-2 gap-4">
                    <div class="space-y-1.5">
                        <label
                            class="text-sm font-medium text-slate-700 dark:text-slate-300"
                            >Group</label
                        >
                        <input
                            bind:value={formData.group}
                            class="w-full px-3 py-2 rounded-lg border border-slate-200 dark:border-slate-800 bg-white dark:bg-slate-900 text-sm focus:ring-2 focus:ring-indigo-500 outline-none transition-all"
                        />
                    </div>
                    <div class="space-y-1.5">
                        <label
                            class="text-sm font-medium text-slate-700 dark:text-slate-300"
                            >Status</label
                        >
                        <select
                            bind:value={formData.status}
                            class="w-full px-3 py-2 rounded-lg border border-slate-200 dark:border-slate-800 bg-white dark:bg-slate-900 text-sm focus:ring-2 focus:ring-indigo-500 outline-none transition-all"
                        >
                            <option value={1}>Active</option>
                            <option value={2}>Disabled</option>
                        </select>
                    </div>
                </div>
            </div>

            <div
                class="px-6 py-4 border-t border-slate-100 dark:border-slate-800 flex items-center justify-end gap-3 bg-slate-50/50 dark:bg-slate-900/50"
            >
                <button
                    onclick={onClose}
                    class="px-4 py-2 text-sm font-medium text-slate-600 dark:text-slate-400 hover:bg-slate-100 dark:hover:bg-slate-800 rounded-lg transition-colors"
                >
                    {i18n.t.common.cancel}
                </button>
                <button
                    onclick={handleSubmit}
                    disabled={isSubmitting}
                    class="inline-flex items-center gap-2 px-4 py-2 text-sm font-medium text-white bg-indigo-600 hover:bg-indigo-700 disabled:opacity-50 disabled:cursor-not-allowed rounded-lg shadow-sm transition-colors"
                >
                    {#if isSubmitting}
                        <div
                            class="w-4 h-4 border-2 border-white/30 border-t-white rounded-full animate-spin"
                        ></div>
                    {:else}
                        <Save class="w-4 h-4" />
                    {/if}
                    {i18n.t.common.save}
                </button>
            </div>
        </div>[36m
    </div>[39m

d:\workspace\ai-api\apps\web\[32msrc\components\UserModal.svelte[39m:82:9
[33mWarn[39m: `<div>` with a click handler must have an ARIA role
https://svelte.dev/e/a11y_no_static_element_interactions (svelte)
[36m    >
        [35m<div
            class="bg-white dark:bg-slate-950 w-full max-w-lg rounded-2xl shadow-2xl border border-slate-200 dark:border-slate-800 overflow-hidden"
            transition:scale={{ duration: 200, start: 0.95 }}
            onclick={(e) => e.stopPropagation()}
        >
            <div
                class="px-6 py-4 border-b border-slate-100 dark:border-slate-800 flex items-center justify-between bg-slate-50/50 dark:bg-slate-900/50"
            >
                <h3
                    class="text-lg font-semibold text-slate-900 dark:text-white"
                >
                    {user ? i18n.t.common.edit : i18n.t.common.add} User
                </h3>
                <button
                    onclick={onClose}
                    class="p-2 rounded-lg hover:bg-slate-200 dark:hover:bg-slate-800 text-slate-500 transition-colors"
                >
                    <X class="w-5 h-5" />
                </button>
            </div>

            <div
                class="px-6 py-6 max-h-[70vh] overflow-y-auto space-y-4 text-left"
            >
                {#if error}
                    <div
                        class="p-3 bg-rose-50 dark:bg-rose-900/20 text-rose-600 dark:text-rose-400 text-sm rounded-lg border border-rose-100 dark:border-rose-800/50"
                    >
                        {error}
                    </div>
                {/if}

                <div class="space-y-1.5">
                    <label
                        class="text-sm font-medium text-slate-700 dark:text-slate-300"
                        >Username</label
                    >
                    <input
                        bind:value={formData.username}
                        class="w-full px-3 py-2 rounded-lg border border-slate-200 dark:border-slate-800 bg-white dark:bg-slate-900 text-sm focus:ring-2 focus:ring-indigo-500 outline-none transition-all"
                    />
                </div>

                <div class="space-y-1.5">
                    <label
                        class="text-sm font-medium text-slate-700 dark:text-slate-300"
                        >Password</label
                    >
                    <input
                        type="password"
                        placeholder={user
                            ? "Leave blank to keep unchanged"
                            : "Password"}
                        bind:value={formData.password}
                        class="w-full px-3 py-2 rounded-lg border border-slate-200 dark:border-slate-800 bg-white dark:bg-slate-900 text-sm focus:ring-2 focus:ring-indigo-500 outline-none transition-all"
                    />
                </div>

                <div class="grid grid-cols-2 gap-4">
                    <div class="space-y-1.5">
                        <label
                            class="text-sm font-medium text-slate-700 dark:text-slate-300"
                            >Role</label
                        >
                        <select
                            bind:value={formData.role}
                            class="w-full px-3 py-2 rounded-lg border border-slate-200 dark:border-slate-800 bg-white dark:bg-slate-900 text-sm focus:ring-2 focus:ring-indigo-500 outline-none transition-all"
                        >
                            <option value={1}>Normal User</option>
                            <option value={10}>Admin</option>
                        </select>
                    </div>
                    <div class="space-y-1.5">
                        <label
                            class="text-sm font-medium text-slate-700 dark:text-slate-300"
                            >Quota</label
                        >
                        <input
                            type="number"
                            bind:value={formData.quota}
                            class="w-full px-3 py-2 rounded-lg border border-slate-200 dark:border-slate-800 bg-white dark:bg-slate-900 text-sm focus:ring-2 focus:ring-indigo-500 outline-none transition-all"
                        />
                    </div>
                </div>

                <div class="grid grid-cols-2 gap-4">
                    <div class="space-y-1.5">
                        <label
                            class="text-sm font-medium text-slate-700 dark:text-slate-300"
                            >Group</label
                        >
                        <input
                            bind:value={formData.group}
                            class="w-full px-3 py-2 rounded-lg border border-slate-200 dark:border-slate-800 bg-white dark:bg-slate-900 text-sm focus:ring-2 focus:ring-indigo-500 outline-none transition-all"
                        />
                    </div>
                    <div class="space-y-1.5">
                        <label
                            class="text-sm font-medium text-slate-700 dark:text-slate-300"
                            >Status</label
                        >
                        <select
                            bind:value={formData.status}
                            class="w-full px-3 py-2 rounded-lg border border-slate-200 dark:border-slate-800 bg-white dark:bg-slate-900 text-sm focus:ring-2 focus:ring-indigo-500 outline-none transition-all"
                        >
                            <option value={1}>Active</option>
                            <option value={2}>Disabled</option>
                        </select>
                    </div>
                </div>
            </div>

            <div
                class="px-6 py-4 border-t border-slate-100 dark:border-slate-800 flex items-center justify-end gap-3 bg-slate-50/50 dark:bg-slate-900/50"
            >
                <button
                    onclick={onClose}
                    class="px-4 py-2 text-sm font-medium text-slate-600 dark:text-slate-400 hover:bg-slate-100 dark:hover:bg-slate-800 rounded-lg transition-colors"
                >
                    {i18n.t.common.cancel}
                </button>
                <button
                    onclick={handleSubmit}
                    disabled={isSubmitting}
                    class="inline-flex items-center gap-2 px-4 py-2 text-sm font-medium text-white bg-indigo-600 hover:bg-indigo-700 disabled:opacity-50 disabled:cursor-not-allowed rounded-lg shadow-sm transition-colors"
                >
                    {#if isSubmitting}
                        <div
                            class="w-4 h-4 border-2 border-white/30 border-t-white rounded-full animate-spin"
                        ></div>
                    {:else}
                        <Save class="w-4 h-4" />
                    {/if}
                    {i18n.t.common.save}
                </button>
            </div>
        </div>[36m
    </div>[39m

d:\workspace\ai-api\apps\web\[32msrc\components\UserModal.svelte[39m:115:21
[33mWarn[39m: A form label must be associated with a control
https://svelte.dev/e/a11y_label_has_associated_control (svelte)
[36m                <div class="space-y-1.5">
                    [35m<label
                        class="text-sm font-medium text-slate-700 dark:text-slate-300"
                        >Username</label
                    >[36m
                    <input[39m

d:\workspace\ai-api\apps\web\[32msrc\components\UserModal.svelte[39m:126:21
[33mWarn[39m: A form label must be associated with a control
https://svelte.dev/e/a11y_label_has_associated_control (svelte)
[36m                <div class="space-y-1.5">
                    [35m<label
                        class="text-sm font-medium text-slate-700 dark:text-slate-300"
                        >Password</label
                    >[36m
                    <input[39m

d:\workspace\ai-api\apps\web\[32msrc\components\UserModal.svelte[39m:142:25
[33mWarn[39m: A form label must be associated with a control
https://svelte.dev/e/a11y_label_has_associated_control (svelte)
[36m                    <div class="space-y-1.5">
                        [35m<label
                            class="text-sm font-medium text-slate-700 dark:text-slate-300"
                            >Role</label
                        >[36m
                        <select[39m

d:\workspace\ai-api\apps\web\[32msrc\components\UserModal.svelte[39m:155:25
[33mWarn[39m: A form label must be associated with a control
https://svelte.dev/e/a11y_label_has_associated_control (svelte)
[36m                    <div class="space-y-1.5">
                        [35m<label
                            class="text-sm font-medium text-slate-700 dark:text-slate-300"
                            >Quota</label
                        >[36m
                        <input[39m

d:\workspace\ai-api\apps\web\[32msrc\components\UserModal.svelte[39m:169:25
[33mWarn[39m: A form label must be associated with a control
https://svelte.dev/e/a11y_label_has_associated_control (svelte)
[36m                    <div class="space-y-1.5">
                        [35m<label
                            class="text-sm font-medium text-slate-700 dark:text-slate-300"
                            >Group</label
                        >[36m
                        <input[39m

d:\workspace\ai-api\apps\web\[32msrc\components\UserModal.svelte[39m:179:25
[33mWarn[39m: A form label must be associated with a control
https://svelte.dev/e/a11y_label_has_associated_control (svelte)
[36m                    <div class="space-y-1.5">
                        [35m<label
                            class="text-sm font-medium text-slate-700 dark:text-slate-300"
                            >Status</label
                        >[36m
                        <select[39m

d:\workspace\ai-api\apps\web\[32msrc\routes\+page.svelte[39m:193:1
[31mError[39m: `</div>` attempted to close an element that was not open
https://svelte.dev/e/element_invalid_closing_tag (svelte)
[36m    </div>
[35m[36m</div>[39m

d:\workspace\ai-api\apps\web\[32msrc\routes\+page.svelte[39m:193:1
[31mError[39m: `</div>` attempted to close an element that was not open
https://svelte.dev/e/element_invalid_closing_tag (ts)
[36m    </div>
[35m[36m</div>[39m

d:\workspace\ai-api\apps\web\[32msrc\routes\settings\+page.svelte[39m:108:25
[33mWarn[39m: A form label must be associated with a control
https://svelte.dev/e/a11y_label_has_associated_control (svelte)
[36m                    <div class="space-y-2">
                        [35m<label
                            class="text-sm font-medium text-slate-700 dark:text-slate-300"
                            >System Name</label
                        >[36m
                        <input[39m

d:\workspace\ai-api\apps\web\[32msrc\routes\settings\+page.svelte[39m:131:25
[33mWarn[39m: A form label must be associated with a control
https://svelte.dev/e/a11y_label_has_associated_control (svelte)
[36m                    <div class="space-y-2">
                        [35m<label
                            class="text-sm font-medium text-slate-700 dark:text-slate-300"
                            >Enable Registration</label
                        >[36m
                        <select[39m

d:\workspace\ai-api\apps\web\[32msrc\routes\settings\+page.svelte[39m:144:25
[33mWarn[39m: A form label must be associated with a control
https://svelte.dev/e/a11y_label_has_associated_control (svelte)
[36m                    <div class="space-y-2">
                        [35m<label
                            class="text-sm font-medium text-slate-700 dark:text-slate-300"
                            >Initial Quota ($0.5 = 500000)</label
                        >[36m
                        <input[39m

d:\workspace\ai-api\apps\web\[32msrc\routes\settings\+page.svelte[39m:155:25
[33mWarn[39m: A form label must be associated with a control
https://svelte.dev/e/a11y_label_has_associated_control (svelte)
[36m                    <div class="space-y-2">
                        [35m<label
                            class="text-sm font-medium text-slate-700 dark:text-slate-300"
                            >Default Group</label
                        >[36m
                        <input[39m

d:\workspace\ai-api\apps\web\[32msrc\routes\settings\+page.svelte[39m:178:25
[33mWarn[39m: A form label must be associated with a control
https://svelte.dev/e/a11y_label_has_associated_control (svelte)
[36m                    <div class="space-y-2">
                        [35m<label
                            class="text-sm font-medium text-slate-700 dark:text-slate-300"
                            >SMTP Server</label
                        >[36m
                        <input[39m

d:\workspace\ai-api\apps\web\[32msrc\routes\settings\+page.svelte[39m:189:25
[33mWarn[39m: A form label must be associated with a control
https://svelte.dev/e/a11y_label_has_associated_control (svelte)
[36m                    <div class="space-y-2">
                        [35m<label
                            class="text-sm font-medium text-slate-700 dark:text-slate-300"
                            >SMTP Port</label
                        >[36m
                        <input[39m

d:\workspace\ai-api\apps\web\[32msrc\routes\settings\+page.svelte[39m:201:25
[33mWarn[39m: A form label must be associated with a control
https://svelte.dev/e/a11y_label_has_associated_control (svelte)
[36m                    <div class="space-y-2">
                        [35m<label
                            class="text-sm font-medium text-slate-700 dark:text-slate-300"
                            >SMTP Account</label
                        >[36m
                        <input[39m

d:\workspace\ai-api\apps\web\[32msrc\routes\settings\+page.svelte[39m:212:25
[33mWarn[39m: A form label must be associated with a control
https://svelte.dev/e/a11y_label_has_associated_control (svelte)
[36m                    <div class="space-y-2">
                        [35m<label
                            class="text-sm font-medium text-slate-700 dark:text-slate-300"
                            >SMTP Password</label
                        >[36m
                        <input[39m

====================================
[31msvelte-check found 2 errors and 27 warnings in 4 files
[39m
